Traceback (most recent call last):
  File "/home/yaofu/usage/parse.py", line 98, in <module>
    parse_gadi_usage(f"/home/yaofu/usage/{today}_gadi_usage.txt", today)
  File "/home/yaofu/usage/parse.py", line 85, in parse_gadi_usage
    percentage_usage["total"] = round(total[1][0] / total[0][0] * 100, 1)
                                      ~~~~~^^^
IndexError: list index out of range
Traceback (most recent call last):
  File "/home/yaofu/usage/parse.py", line 98, in <module>
    parse_gadi_usage(f"/home/yaofu/usage/{today}_gadi_usage.txt", today)
  File "/home/yaofu/usage/parse.py", line 85, in parse_gadi_usage
    percentage_usage["total"] = round(total[1][0] / total[0][0] * 100, 1)
                                      ~~~~~^^^
IndexError: list index out of range
Traceback (most recent call last):
  File "/home/yaofu/usage/parse.py", line 98, in <module>
    parse_gadi_usage(f"/home/yaofu/usage/{today}_gadi_usage.txt", today)
  File "/home/yaofu/usage/parse.py", line 85, in parse_gadi_usage
    percentage_usage["total"] = round(total[1][0] / total[0][0] * 100, 1)
                                      ~~~~~^^^
IndexError: list index out of range
Traceback (most recent call last):
  File "/home/yaofu/usage/parse.py", line 98, in <module>
    parse_gadi_usage(f"/home/yaofu/usage/{today}_gadi_usage.txt", today)
  File "/home/yaofu/usage/parse.py", line 85, in parse_gadi_usage
    percentage_usage["total"] = round(total[1][0] / total[0][0] * 100, 1)
                                      ~~~~~^^^
IndexError: list index out of range
